<?xml version="1.0" encoding="UTF-8"?>
<testng-results skipped="0" failed="1" ignored="0" total="1" passed="0">
  <reporter-output>
  </reporter-output>
  <suite name="Default suite" duration-ms="12995" started-at="2018-03-13T10:00:07Z" finished-at="2018-03-13T10:00:20Z">
    <groups>
    </groups>
    <test name="Default test" duration-ms="12995" started-at="2018-03-13T10:00:07Z" finished-at="2018-03-13T10:00:20Z">
      <class name="testscript.FirstTest">
        <test-method status="PASS" signature="launch()[pri:0, instance:testscript.FirstTest@3bfdc050]" name="launch" is-config="true" duration-ms="7952" started-at="2018-03-13T15:30:07Z" finished-at="2018-03-13T15:30:15Z">
          <reporter-output>
          </reporter-output>
        </test-method> <!-- launch -->
        <test-method status="PASS" signature="initializePage()[pri:0, instance:testscript.FirstTest@3bfdc050]" name="initializePage" is-config="true" duration-ms="29" started-at="2018-03-13T15:30:15Z" finished-at="2018-03-13T15:30:15Z">
          <reporter-output>
          </reporter-output>
        </test-method> <!-- initializePage -->
        <test-method status="FAIL" signature="firstTest()[pri:0, instance:testscript.FirstTest@3bfdc050]" name="firstTest" duration-ms="3083" started-at="2018-03-13T15:30:15Z" finished-at="2018-03-13T15:30:18Z">
          <exception class="java.lang.AssertionError">
            <message>
              <![CDATA[expected [xasxa] but found [xasx]]]>
            </message>
            <full-stacktrace>
              <![CDATA[java.lang.AssertionError: expected [xasxa] but found [xasx]
	at org.testng.Assert.fail(Assert.java:93)
	at org.testng.Assert.failNotEquals(Assert.java:512)
	at org.testng.Assert.assertEqualsImpl(Assert.java:134)
	at org.testng.Assert.assertEquals(Assert.java:115)
	at org.testng.Assert.assertEquals(Assert.java:189)
	at org.testng.Assert.assertEquals(Assert.java:199)
	at testscript.FirstTest.firstTest(FirstTest.java:42)
	at sun.reflect.NativeMethodAccessorImpl.invoke0(Native Method)
	at sun.reflect.NativeMethodAccessorImpl.invoke(NativeMethodAccessorImpl.java:62)
	at sun.reflect.DelegatingMethodAccessorImpl.invoke(DelegatingMethodAccessorImpl.java:43)
	at java.lang.reflect.Method.invoke(Method.java:498)
	at org.testng.internal.MethodInvocationHelper.invokeMethod(MethodInvocationHelper.java:108)
	at org.testng.internal.Invoker.invokeMethod(Invoker.java:661)
	at org.testng.internal.Invoker.invokeTestMethod(Invoker.java:869)
	at org.testng.internal.Invoker.invokeTestMethods(Invoker.java:1193)
	at org.testng.internal.TestMethodWorker.invokeTestMethods(TestMethodWorker.java:126)
	at org.testng.internal.TestMethodWorker.run(TestMethodWorker.java:109)
	at org.testng.TestRunner.privateRun(TestRunner.java:744)
	at org.testng.TestRunner.run(TestRunner.java:602)
	at org.testng.SuiteRunner.runTest(SuiteRunner.java:380)
	at org.testng.SuiteRunner.runSequentially(SuiteRunner.java:375)
	at org.testng.SuiteRunner.privateRun(SuiteRunner.java:340)
	at org.testng.SuiteRunner.run(SuiteRunner.java:289)
	at org.testng.SuiteRunnerWorker.runSuite(SuiteRunnerWorker.java:52)
	at org.testng.SuiteRunnerWorker.run(SuiteRunnerWorker.java:86)
	at org.testng.TestNG.runSuitesSequentially(TestNG.java:1301)
	at org.testng.TestNG.runSuitesLocally(TestNG.java:1226)
	at org.testng.TestNG.runSuites(TestNG.java:1144)
	at org.testng.TestNG.run(TestNG.java:1115)
	at org.testng.remote.AbstractRemoteTestNG.run(AbstractRemoteTestNG.java:114)
	at org.testng.remote.RemoteTestNG.initAndRun(RemoteTestNG.java:251)
	at org.testng.remote.RemoteTestNG.main(RemoteTestNG.java:77)
]]>
            </full-stacktrace>
          </exception> <!-- java.lang.AssertionError -->
          <reporter-output>
          </reporter-output>
        </test-method> <!-- firstTest -->
        <test-method status="PASS" signature="screenshot(org.testng.ITestResult)[pri:0, instance:testscript.FirstTest@3bfdc050]" name="screenshot" is-config="true" duration-ms="1671" started-at="2018-03-13T15:30:18Z" finished-at="2018-03-13T15:30:19Z">
          <params>
            <param index="0">
              <value>
                <![CDATA[[TestResult name=firstTest status=FAILURE method=FirstTest.firstTest()[pri:0, instance:testscript.FirstTest@3bfdc050] output={null}]]]>
              </value>
            </param>
          </params>
          <reporter-output>
          </reporter-output>
        </test-method> <!-- screenshot -->
        <test-method status="PASS" signature="crash()[pri:0, instance:testscript.FirstTest@3bfdc050]" name="crash" is-config="true" duration-ms="222" started-at="2018-03-13T15:30:19Z" finished-at="2018-03-13T15:30:20Z">
          <reporter-output>
          </reporter-output>
        </test-method> <!-- crash -->
      </class> <!-- testscript.FirstTest -->
    </test> <!-- Default test -->
  </suite> <!-- Default suite -->
</testng-results>
